[0917/121350.642:WARNING:backend_impl.cc(1837)] Destroying invalid entry.
[0917/121350.643:ERROR:backend_impl.cc(1041)] Critical error found -8
[0917/121350.644:WARNING:storage_block-inl.h(146)] Failed data load.
[0917/121350.644:WARNING:storage_block-inl.h(146)] Failed data load.
[0917/121350.644:ERROR:entry_impl.cc(1075)] No file for c10300be
[0917/121350.644:WARNING:storage_block-inl.h(146)] Failed data load.
[0917/121350.645:WARNING:storage_block-inl.h(146)] Failed data load.
[0917/121350.645:WARNING:storage_block-inl.h(146)] Failed data load.
[0917/121350.645:WARNING:storage_block-inl.h(146)] Failed data load.
[0917/121350.645:ERROR:entry_impl.cc(1075)] No file for c1030000
[0917/121350.645:WARNING:storage_block-inl.h(146)] Failed data load.
[0917/121350.645:WARNING:storage_block-inl.h(146)] Failed data load.
[0917/121350.645:WARNING:storage_block-inl.h(146)] Failed data load.
[0917/121350.645:WARNING:storage_block-inl.h(146)] Failed data load.
[0917/121350.645:ERROR:entry_impl.cc(1075)] No file for c1030002
[0917/121350.645:WARNING:storage_block-inl.h(146)] Failed data load.
[0917/121350.645:WARNING:storage_block-inl.h(146)] Failed data load.
[0917/121350.645:WARNING:storage_block-inl.h(146)] Failed data load.
[0917/121350.645:WARNING:storage_block-inl.h(146)] Failed data load.
[0917/121350.645:ERROR:entry_impl.cc(1075)] No file for c1030004
[0917/121350.645:WARNING:storage_block-inl.h(146)] Failed data load.
[0917/121350.645:WARNING:storage_block-inl.h(146)] Failed data load.
[0917/121350.645:WARNING:storage_block-inl.h(146)] Failed data load.
[0917/121350.645:WARNING:storage_block-inl.h(146)] Failed data load.
[0917/121350.756:ERROR:entry_impl.cc(998)] Failed to save user data
[0917/121350.756:ERROR:entry_impl.cc(998)] Failed to save user data
[0917/121549.420:ERROR:gpu_init.cc(426)] Passthrough is not supported, GL is disabled
